Arguments: 
  C:\Program Files\nodejs\node.exe C:\Users\User\AppData\Roaming\npm\node_modules\yarn\bin\yarn.js add react-loader-spinner

PATH: 
  C:\Windows\system32;C:\Windows;C:\Windows\System32\Wbem;C:\Windows\System32\WindowsPowerShell\v1.0\;C:\Windows\System32\OpenSSH\;C:\Program Files (x86)\NVIDIA Corporation\PhysX\Common;C:\ProgramData\chocolatey\bin;C:\Program Files\Git\cmd;C:\Program Files\Microsoft SQL Server\130\Tools\Binn\;C:\Program Files\PostgreSQL\13\bin;C:\Program Files\nodejs\;C:\Users\User\AppData\Local\Programs\Python\Python39;C:\Users\User\AppData\Local\Programs\Python\Python39\Scripts;C:\Users\User\AppData\Roaming\npm;C:\Program Files\MongoDB\Server\4.4\bin;C:\Program Files (x86)\QuickTime\QTSystem\;C:\Program Files\MySQL\MySQL Shell 8.0\bin\;C:\Users\User\AppData\Local\Microsoft\WindowsApps;C:\Users\User\AppData\Local\Programs\Microsoft VS Code\bin;C:\Program Files\JetBrains\PyCharm Community Edition 2020.2.3\bin;C:\Users\User\AppData\Local\Programs\Python\Python39;C:\Users\User\AppData\Local\Programs\Python\Python39\Scripts;C:\Users\User\.dotnet\tools;C:\Program Files (x86)\Dev-Cpp\MinGW64\bin;C:\Users\User\AppData\Local\atom\bin;C:\Program Files\MongoDB\Server\4.4\bin;C:\Program Files\heroku\bin

Yarn version: 
  1.22.10

Node version: 
  14.15.1

Platform: 
  win32 x64

Trace: 
  Error: EPERM: operation not permitted, unlink 'D:\My websites\Real Projects\VodiyParfumFront\node_modules\bcrypt\lib\binding\napi-v3\bcrypt_lib.node'

npm manifest: 
  {
    "name": "ecommerce",
    "version": "1.0.0",
    "description": "",
    "main": "server.js",
    "scripts": {
      "start": "node server.js",
      "server": "nodemon server.js",
      "client": "cd client && npm run start",
      "server-install": "npm install",
      "client-install": "cd client && npm install",
      "install-all": "concurrently \"npm run server-install\" \"npm run client-install\"",
      "dev": "concurrently \"npm run server\" \"npm run client\"",
      "heroku-postbuild": "cd client && npm install && npm run build"
    },
    "keywords": [],
    "author": "",
    "license": "ISC",
    "dependencies": {
      "bcrypt": "^5.0.0",
      "cloudinary": "^1.23.0",
      "concurrently": "^5.3.0",
      "cookie-parser": "^1.4.5",
      "cors": "^2.8.5",
      "dotenv": "^8.2.0",
      "express": "^4.17.1",
      "express-fileupload": "^1.2.0",
      "jsonwebtoken": "^8.5.1",
      "mongoose": "^5.10.1"
    },
    "devDependencies": {
      "nodemon": "^2.0.4"
    }
  }

yarn manifest: 
  No manifest

Lockfile: 
  No lockfile
